<?xml version="1.0" encoding="UTF-8"?>
<!-- Generated by org.testng.reporters.JUnitReportReporter -->
<testsuite hostname="DESKTOP-QJLSV9M" failures="1" tests="1" name="getrequest.Validateresponsebody" time="2.147" errors="0" timestamp="2023-05-04T09:49:33 IST" skipped="0">
  <testcase classname="getrequest.Validateresponsebody" name="test" time="2.147">
    <failure message="Response body validation failed expected [{\r\n    \&quot;data\&quot;: {\r\n        \&quot;id\&quot;: 2,\r\n        \&quot;email\&quot;: \&quot;janet.weaver@reqres.in\&quot;,\r\n        \&quot;first_name\&quot;: \&quot;Janet\&quot;,\r\n        \&quot;last_name\&quot;: \&quot;Weaver\&quot;,\r\n        \&quot;avatar\&quot;: \&quot;https:\/\/reqres.in\/img\/faces\/2-image.jpg\&quot;\r\n    },\r\n    \&quot;support\&quot;: {\r\n        \&quot;url\&quot;: \&quot;https:\/\/reqres.in\/#support-heading\&quot;,\r\n        \&quot;text\&quot;: \&quot;To keep ReqRes free, contributions towards server costs are appreciated!\&quot;\r\n    }\r\n}\r\n] but found [{&quot;data&quot;:{&quot;id&quot;:2,&quot;email&quot;:&quot;janet.weaver@reqres.in&quot;,&quot;first_name&quot;:&quot;Janet&quot;,&quot;last_name&quot;:&quot;Weaver&quot;,&quot;avatar&quot;:&quot;https://reqres.in/img/faces/2-image.jpg&quot;},&quot;support&quot;:{&quot;url&quot;:&quot;https://reqres.in/#support-heading&quot;,&quot;text&quot;:&quot;To keep ReqRes free, contributions towards server costs are appreciated!&quot;}}]" type="java.lang.AssertionError">
      <![CDATA[java.lang.AssertionError: Response body validation failed expected [{\r\n    \"data\": {\r\n        \"id\": 2,\r\n        \"email\": \"janet.weaver@reqres.in\",\r\n        \"first_name\": \"Janet\",\r\n        \"last_name\": \"Weaver\",\r\n        \"avatar\": \"https:\/\/reqres.in\/img\/faces\/2-image.jpg\"\r\n    },\r\n    \"support\": {\r\n        \"url\": \"https:\/\/reqres.in\/#support-heading\",\r\n        \"text\": \"To keep ReqRes free, contributions towards server costs are appreciated!\"\r\n    }\r\n}\r\n] but found [{"data":{"id":2,"email":"janet.weaver@reqres.in","first_name":"Janet","last_name":"Weaver","avatar":"https://reqres.in/img/faces/2-image.jpg"},"support":{"url":"https://reqres.in/#support-heading","text":"To keep ReqRes free, contributions towards server costs are appreciated!"}}]
at org.testng.Assert.fail(Assert.java:110)
at org.testng.Assert.failNotEquals(Assert.java:1577)
at org.testng.Assert.assertEqualsImpl(Assert.java:149)
at org.testng.Assert.assertEquals(Assert.java:131)
at org.testng.Assert.assertEquals(Assert.java:655)
at getrequest.Validateresponsebody.test(Validateresponsebody.java:22)
at java.base/jdk.internal.reflect.DirectMethodHandleAccessor.invoke(DirectMethodHandleAccessor.java:104)
at java.base/java.lang.reflect.Method.invoke(Method.java:578)
at org.testng.internal.invokers.MethodInvocationHelper.invokeMethod(MethodInvocationHelper.java:139)
at org.testng.internal.invokers.TestInvoker.invokeMethod(TestInvoker.java:677)
at org.testng.internal.invokers.TestInvoker.invokeTestMethod(TestInvoker.java:221)
at org.testng.internal.invokers.MethodRunner.runInSequence(MethodRunner.java:50)
at org.testng.internal.invokers.TestInvoker$MethodInvocationAgent.invoke(TestInvoker.java:969)
at org.testng.internal.invokers.TestInvoker.invokeTestMethods(TestInvoker.java:194)
at org.testng.internal.invokers.TestMethodWorker.invokeTestMethods(TestMethodWorker.java:148)
at org.testng.internal.invokers.TestMethodWorker.run(TestMethodWorker.java:128)
at java.base/java.util.ArrayList.forEach(ArrayList.java:1511)
at org.testng.TestRunner.privateRun(TestRunner.java:829)
at org.testng.TestRunner.run(TestRunner.java:602)
at org.testng.SuiteRunner.runTest(SuiteRunner.java:437)
at org.testng.SuiteRunner.runSequentially(SuiteRunner.java:431)
at org.testng.SuiteRunner.privateRun(SuiteRunner.java:391)
at org.testng.SuiteRunner.run(SuiteRunner.java:330)
at org.testng.SuiteRunnerWorker.runSuite(SuiteRunnerWorker.java:52)
at org.testng.SuiteRunnerWorker.run(SuiteRunnerWorker.java:95)
at org.testng.TestNG.runSuitesSequentially(TestNG.java:1256)
at org.testng.TestNG.runSuitesLocally(TestNG.java:1176)
at org.testng.TestNG.runSuites(TestNG.java:1099)
at org.testng.TestNG.run(TestNG.java:1067)
at org.testng.remote.AbstractRemoteTestNG.run(AbstractRemoteTestNG.java:115)
at org.testng.remote.RemoteTestNG.initAndRun(RemoteTestNG.java:251)
at org.testng.remote.RemoteTestNG.main(RemoteTestNG.java:77)
]]>
    </failure>
  </testcase> <!-- test -->
  <system-out/>
</testsuite> <!-- getrequest.Validateresponsebody -->
